<?xml version="1.0" encoding="UTF-8"?>
<testng-results ignored="0" total="1" passed="1" failed="0" skipped="0">
  <reporter-output>
  </reporter-output>
  <suite started-at="2025-05-31T13:35:46 IST" name="Default suite" finished-at="2025-05-31T13:35:55 IST" duration-ms="8987">
    <groups>
    </groups>
    <test started-at="2025-05-31T13:35:46 IST" name="Default test" finished-at="2025-05-31T13:35:55 IST" duration-ms="8987">
      <class name="Books.TC_DWS_001_Test">
        <test-method is-config="true" signature="reportConfig()[pri:0, instance:Books.TC_DWS_001_Test@3b69e7d1]" started-at="2025-05-31T13:35:46 IST" name="reportConfig" finished-at="2025-05-31T13:35:46 IST" duration-ms="341" status="PASS">
          <reporter-output>
          </reporter-output>
        </test-method> <!-- reportConfig -->
        <test-method is-config="true" signature="OpenBrowser()[pri:0, instance:Books.TC_DWS_001_Test@3b69e7d1]" started-at="2025-05-31T13:35:46 IST" name="OpenBrowser" finished-at="2025-05-31T13:35:52 IST" duration-ms="5697" status="PASS">
          <reporter-output>
          </reporter-output>
        </test-method> <!-- OpenBrowser -->
        <test-method is-config="true" signature="login()[pri:0, instance:Books.TC_DWS_001_Test@3b69e7d1]" started-at="2025-05-31T13:35:52 IST" name="login" finished-at="2025-05-31T13:35:54 IST" duration-ms="2477" status="PASS">
          <reporter-output>
          </reporter-output>
        </test-method> <!-- login -->
        <test-method signature="clickOnBooks()[pri:0, instance:Books.TC_DWS_001_Test@3b69e7d1]" started-at="2025-05-31T13:35:54 IST" name="clickOnBooks" finished-at="2025-05-31T13:35:55 IST" duration-ms="236" status="PASS">
          <reporter-output>
          </reporter-output>
        </test-method> <!-- clickOnBooks -->
        <test-method is-config="true" signature="logout()[pri:0, instance:Books.TC_DWS_001_Test@3b69e7d1]" started-at="2025-05-31T13:35:55 IST" name="logout" finished-at="2025-05-31T13:35:55 IST" duration-ms="161" status="PASS">
          <reporter-output>
          </reporter-output>
        </test-method> <!-- logout -->
        <test-method is-config="true" signature="closeBrowser()[pri:0, instance:Books.TC_DWS_001_Test@3b69e7d1]" started-at="2025-05-31T13:35:55 IST" name="closeBrowser" finished-at="2025-05-31T13:35:55 IST" duration-ms="357" status="PASS">
          <reporter-output>
          </reporter-output>
        </test-method> <!-- closeBrowser -->
        <test-method is-config="true" signature="reportBackup()[pri:0, instance:Books.TC_DWS_001_Test@3b69e7d1]" started-at="2025-05-31T13:35:55 IST" name="reportBackup" finished-at="2025-05-31T13:35:56 IST" duration-ms="980" status="PASS">
          <reporter-output>
          </reporter-output>
        </test-method> <!-- reportBackup -->
      </class> <!-- Books.TC_DWS_001_Test -->
    </test> <!-- Default test -->
  </suite> <!-- Default suite -->
</testng-results>
